07-Sep-2025 15:22:27.241 INFO [main] org.apache.catalina.startup.VersionLoggerListener.log Server version name:   Apache Tomcat/9.0.105
07-Sep-2025 15:22:27.246 INFO [main] org.apache.catalina.startup.VersionLoggerListener.log Server built:          May 7 2025 18:36:02 UTC
07-Sep-2025 15:22:27.246 INFO [main] org.apache.catalina.startup.VersionLoggerListener.log Server version number: 9.0.105.0
07-Sep-2025 15:22:27.246 INFO [main] org.apache.catalina.startup.VersionLoggerListener.log OS Name:               Windows 11
07-Sep-2025 15:22:27.246 INFO [main] org.apache.catalina.startup.VersionLoggerListener.log OS Version:            10.0
07-Sep-2025 15:22:27.246 INFO [main] org.apache.catalina.startup.VersionLoggerListener.log Architecture:          amd64
07-Sep-2025 15:22:27.247 INFO [main] org.apache.catalina.startup.VersionLoggerListener.log Java Home:             C:\Users\ASUS\.jdks\openjdk-20.0.2
07-Sep-2025 15:22:27.247 INFO [main] org.apache.catalina.startup.VersionLoggerListener.log JVM Version:           20.0.2+9-78
07-Sep-2025 15:22:27.247 INFO [main] org.apache.catalina.startup.VersionLoggerListener.log JVM Vendor:            Oracle Corporation
07-Sep-2025 15:22:27.247 INFO [main] org.apache.catalina.startup.VersionLoggerListener.log CATALINA_BASE:         D:\Web\globalbooks-solution\services\catalog-soap\src\main\webapp
07-Sep-2025 15:22:27.247 INFO [main] org.apache.catalina.startup.VersionLoggerListener.log CATALINA_HOME:         C:\Program Files\Apache Software Foundation\Tomcat 9.0
07-Sep-2025 15:22:27.258 INFO [main] org.apache.catalina.startup.VersionLoggerListener.log Command line argument: --add-opens=java.base/java.lang=ALL-UNNAMED
07-Sep-2025 15:22:27.259 INFO [main] org.apache.catalina.startup.VersionLoggerListener.log Command line argument: --add-opens=java.base/java.io=ALL-UNNAMED
07-Sep-2025 15:22:27.259 INFO [main] org.apache.catalina.startup.VersionLoggerListener.log Command line argument: --add-opens=java.base/java.util=ALL-UNNAMED
07-Sep-2025 15:22:27.259 INFO [main] org.apache.catalina.startup.VersionLoggerListener.log Command line argument: --add-opens=java.base/java.util.concurrent=ALL-UNNAMED
07-Sep-2025 15:22:27.259 INFO [main] org.apache.catalina.startup.VersionLoggerListener.log Command line argument: --add-opens=java.rmi/sun.rmi.transport=ALL-UNNAMED
07-Sep-2025 15:22:27.259 INFO [main] org.apache.catalina.startup.VersionLoggerListener.log Command line argument: -Dcatalina.home=C:\Program Files\Apache Software Foundation\Tomcat 9.0
07-Sep-2025 15:22:27.259 INFO [main] org.apache.catalina.startup.VersionLoggerListener.log Command line argument: -Dcatalina.base=D:\Web\globalbooks-solution\services\catalog-soap\src\main\webapp
07-Sep-2025 15:22:27.259 INFO [main] org.apache.catalina.startup.VersionLoggerListener.log Command line argument: -Djava.io.tmpdir=D:\Web\globalbooks-solution\services\catalog-soap\src\main\webapp\temp
07-Sep-2025 15:22:27.259 INFO [main] org.apache.catalina.startup.VersionLoggerListener.log Command line argument: -Djava.util.logging.config.file=D:\Web\globalbooks-solution\services\catalog-soap\src\main\webapp\conf\logging.properties
07-Sep-2025 15:22:27.259 INFO [main] org.apache.catalina.startup.VersionLoggerListener.log Command line argument: -Djava.util.logging.manager=org.apache.juli.ClassLoaderLogManager
07-Sep-2025 15:22:27.259 INFO [main] org.apache.catalina.startup.VersionLoggerListener.log Command line argument: -javaagent:C:\Program Files\JetBrains\IntelliJ IDEA 2023.3.6\lib\idea_rt.jar=9983:C:\Program Files\JetBrains\IntelliJ IDEA 2023.3.6\bin
07-Sep-2025 15:22:27.259 INFO [main] org.apache.catalina.startup.VersionLoggerListener.log Command line argument: -Dfile.encoding=UTF-8
07-Sep-2025 15:22:27.259 INFO [main] org.apache.catalina.startup.VersionLoggerListener.log Command line argument: -Dsun.stdout.encoding=UTF-8
07-Sep-2025 15:22:27.260 INFO [main] org.apache.catalina.startup.VersionLoggerListener.log Command line argument: -Dsun.stderr.encoding=UTF-8
07-Sep-2025 15:22:27.272 INFO [main] org.apache.catalina.core.AprLifecycleListener.lifecycleEvent The Apache Tomcat Native library which allows using OpenSSL was not found on the java.library.path: [C:\Users\ASUS\.jdks\openjdk-20.0.2\bin;C:\WINDOWS\Sun\Java\bin;C:\WINDOWS\system32;C:\WINDOWS;C:\Program Files\Common Files\Oracle\Java\javapath;C:\WINDOWS\system32;C:\WINDOWS;C:\WINDOWS\System32\Wbem;C:\WINDOWS\System32\WindowsPowerShell\v1.0\;C:\WINDOWS\System32\OpenSSH\;C:\Program Files\Java\jdk-11.0.14\bin;C:\Program Files\php-8.1.11;C:\xampp\mysql\bin;C:\Program Files\dotnet\;C:\Program Files\Git\cmd;C:\Program Files\Git\bin;C:\Program Files\MySQL\MySQL Server 8.0\bin;C:\Program Files\nodejs\;C:\ProgramData\chocolatey\bin;C:\Users\ASUS\AppData\Local\Programs\Python\Python310\Scripts;C:\Program Files\Docker\Docker\resources\bin;c:\Users\ASUS\AppData\Local\Programs\cursor\resources\app\bin;C:\Program Files\Apache\apache-maven-3.9.9\bin;C:\Program Files\Java\jdk-17\bin;C:\Program Files\MySQL\MySQL Shell 8.0\bin\;C:\Users\ASUS\AppData\Local\Microsoft\WindowsApps;C:\Program Files\JetBrains\IntelliJ IDEA Community Edition 2023.3.2\bin;;C:\Program Files\JetBrains\PyCharm Community Edition 2022.3.1\bin;;C:\Program Files (x86)\Nmap;C:\Program Files\JetBrains\IntelliJ IDEA 2023.3.6\bin;;C:\MinGW\bin;C:\Program Files\nodejs\;C:\src\flutter_windows_3.13.0-stable\flutter\bin;C:\Users\ASUS\AppData\Local\Pub\Cache\bin;C:\src\flutter_windows_3.13.0-stable\flutter\.git;C:\Users\ASUS\AppData\Roaming\npm;C:\Users\ASUS\AppData\Local\Programs\Microsoft VS Code\bin;C:\Users\ASUS\.bun\bin;C:\Users\ASUS\AppData\Local\Programs\cursor\resources\app\bin;.]
07-Sep-2025 15:22:27.696 INFO [main] org.apache.coyote.AbstractProtocol.init Initializing ProtocolHandler ["http-nio-8080"]
07-Sep-2025 15:22:27.715 INFO [main] org.apache.catalina.startup.Catalina.load Server initialization in [849] milliseconds
07-Sep-2025 15:22:27.775 INFO [main] org.apache.catalina.core.StandardService.startInternal Starting service [Catalina]
07-Sep-2025 15:22:27.775 INFO [main] org.apache.catalina.core.StandardEngine.startInternal Starting Servlet engine: [Apache Tomcat/9.0.105]
07-Sep-2025 15:22:27.785 INFO [main] org.apache.catalina.startup.HostConfig.deployDescriptor Deploying deployment descriptor [D:\Web\globalbooks-solution\services\catalog-soap\src\main\webapp\conf\Catalina\localhost\catalog-soap.xml]
07-Sep-2025 15:22:28.725 INFO [main] org.apache.jasper.servlet.TldScanner.scanJars At least one JAR was scanned for TLDs yet contained no TLDs. Enable debug logging for this logger for a complete list of JARs that were scanned but no TLDs were found in them. Skipping unneeded JARs during scanning can improve startup time and JSP compilation time.
07-Sep-2025 15:22:31.787 INFO [main] com.sun.xml.ws.server.MonitorBase.createRoot Metro monitoring rootname successfully set to: com.sun.metro:pp=/,type=WSEndpoint,name=/catalog-soap-CatalogService-CatalogServicePort
07-Sep-2025 15:22:32.034 INFO [main] com.sun.xml.ws.transport.http.servlet.WSServletDelegate.<init> WSSERVLET14: JAX-WS servlet initializing
07-Sep-2025 15:22:32.037 INFO [main] com.sun.xml.ws.transport.http.servlet.WSServletContextListener.contextInitialized WSSERVLET12: JAX-WS context listener initializing
07-Sep-2025 15:22:32.038 INFO [main] com.sun.xml.ws.transport.http.servlet.WSServletContextListener.contextInitialized WSSERVLET12: JAX-WS context listener initializing
07-Sep-2025 15:22:32.152 INFO [main] org.apache.catalina.startup.HostConfig.deployDescriptor Deployment of deployment descriptor [D:\Web\globalbooks-solution\services\catalog-soap\src\main\webapp\conf\Catalina\localhost\catalog-soap.xml] has finished in [4,366] ms
07-Sep-2025 15:22:32.160 INFO [main] org.apache.coyote.AbstractProtocol.start Starting ProtocolHandler ["http-nio-8080"]
07-Sep-2025 15:22:32.250 INFO [main] org.apache.catalina.startup.Catalina.start Server startup in [4533] milliseconds
07-Sep-2025 15:25:36.731 INFO [Thread-1] org.apache.coyote.AbstractProtocol.pause Pausing ProtocolHandler ["http-nio-8080"]
07-Sep-2025 15:25:36.895 INFO [Thread-1] org.apache.catalina.core.StandardService.stopInternal Stopping service [Catalina]
07-Sep-2025 15:25:36.898 INFO [Thread-1] com.sun.xml.ws.transport.http.servlet.WSServletDelegate.destroy WSSERVLET15: JAX-WS servlet destroyed
07-Sep-2025 15:25:36.900 INFO [Thread-1] com.sun.xml.ws.server.WSEndpointImpl.closeManagedObjectManager Closing Metro monitoring root: com.sun.metro:pp=/,type=WSEndpoint,name=/catalog-soap-CatalogService-CatalogServicePort
07-Sep-2025 15:25:36.903 INFO [Thread-1] com.sun.xml.ws.transport.http.servlet.WSServletContextListener.contextDestroyed WSSERVLET13: JAX-WS context listener destroyed
07-Sep-2025 15:25:36.904 INFO [Thread-1] com.sun.xml.ws.transport.http.servlet.WSServletContextListener.contextDestroyed WSSERVLET13: JAX-WS context listener destroyed
07-Sep-2025 15:25:36.909 SEVERE [Thread-1] org.apache.catalina.loader.WebappClassLoaderBase.checkThreadLocalMapForLeaks The web application [catalog-soap] created a ThreadLocal with key of type [com.sun.xml.ws.api.server.ThreadLocalContainerResolver$1] (value [com.sun.xml.ws.api.server.ThreadLocalContainerResolver$1@1e34cd8]) and a value of type [com.sun.xml.ws.api.server.Container.NoneContainer] (value [com.sun.xml.ws.api.server.Container$NoneContainer@14656824]) but failed to remove it when the web application was stopped. Threads are going to be renewed over time to try and avoid a probable memory leak.
07-Sep-2025 15:25:36.917 INFO [Thread-1] org.apache.coyote.AbstractProtocol.stop Stopping ProtocolHandler ["http-nio-8080"]
07-Sep-2025 15:25:36.930 INFO [Thread-1] org.apache.coyote.AbstractProtocol.destroy Destroying ProtocolHandler ["http-nio-8080"]
07-Sep-2025 15:25:40.366 INFO [main] org.apache.catalina.startup.VersionLoggerListener.log Server version name:   Apache Tomcat/9.0.105
07-Sep-2025 15:25:40.372 INFO [main] org.apache.catalina.startup.VersionLoggerListener.log Server built:          May 7 2025 18:36:02 UTC
07-Sep-2025 15:25:40.372 INFO [main] org.apache.catalina.startup.VersionLoggerListener.log Server version number: 9.0.105.0
07-Sep-2025 15:25:40.372 INFO [main] org.apache.catalina.startup.VersionLoggerListener.log OS Name:               Windows 11
07-Sep-2025 15:25:40.373 INFO [main] org.apache.catalina.startup.VersionLoggerListener.log OS Version:            10.0
07-Sep-2025 15:25:40.373 INFO [main] org.apache.catalina.startup.VersionLoggerListener.log Architecture:          amd64
07-Sep-2025 15:25:40.373 INFO [main] org.apache.catalina.startup.VersionLoggerListener.log Java Home:             C:\Users\ASUS\.jdks\openjdk-20.0.2
07-Sep-2025 15:25:40.373 INFO [main] org.apache.catalina.startup.VersionLoggerListener.log JVM Version:           20.0.2+9-78
07-Sep-2025 15:25:40.373 INFO [main] org.apache.catalina.startup.VersionLoggerListener.log JVM Vendor:            Oracle Corporation
07-Sep-2025 15:25:40.373 INFO [main] org.apache.catalina.startup.VersionLoggerListener.log CATALINA_BASE:         D:\Web\globalbooks-solution\services\catalog-soap\src\main\webapp
07-Sep-2025 15:25:40.373 INFO [main] org.apache.catalina.startup.VersionLoggerListener.log CATALINA_HOME:         C:\Program Files\Apache Software Foundation\Tomcat 9.0
07-Sep-2025 15:25:40.388 INFO [main] org.apache.catalina.startup.VersionLoggerListener.log Command line argument: --add-opens=java.base/java.lang=ALL-UNNAMED
07-Sep-2025 15:25:40.388 INFO [main] org.apache.catalina.startup.VersionLoggerListener.log Command line argument: --add-opens=java.base/java.io=ALL-UNNAMED
07-Sep-2025 15:25:40.388 INFO [main] org.apache.catalina.startup.VersionLoggerListener.log Command line argument: --add-opens=java.base/java.util=ALL-UNNAMED
07-Sep-2025 15:25:40.388 INFO [main] org.apache.catalina.startup.VersionLoggerListener.log Command line argument: --add-opens=java.base/java.util.concurrent=ALL-UNNAMED
07-Sep-2025 15:25:40.388 INFO [main] org.apache.catalina.startup.VersionLoggerListener.log Command line argument: --add-opens=java.rmi/sun.rmi.transport=ALL-UNNAMED
07-Sep-2025 15:25:40.388 INFO [main] org.apache.catalina.startup.VersionLoggerListener.log Command line argument: -Dcatalina.home=C:\Program Files\Apache Software Foundation\Tomcat 9.0
07-Sep-2025 15:25:40.388 INFO [main] org.apache.catalina.startup.VersionLoggerListener.log Command line argument: -Dcatalina.base=D:\Web\globalbooks-solution\services\catalog-soap\src\main\webapp
07-Sep-2025 15:25:40.388 INFO [main] org.apache.catalina.startup.VersionLoggerListener.log Command line argument: -Djava.io.tmpdir=D:\Web\globalbooks-solution\services\catalog-soap\src\main\webapp\temp
07-Sep-2025 15:25:40.388 INFO [main] org.apache.catalina.startup.VersionLoggerListener.log Command line argument: -Djava.util.logging.config.file=D:\Web\globalbooks-solution\services\catalog-soap\src\main\webapp\conf\logging.properties
07-Sep-2025 15:25:40.388 INFO [main] org.apache.catalina.startup.VersionLoggerListener.log Command line argument: -Djava.util.logging.manager=org.apache.juli.ClassLoaderLogManager
07-Sep-2025 15:25:40.389 INFO [main] org.apache.catalina.startup.VersionLoggerListener.log Command line argument: -javaagent:C:\Program Files\JetBrains\IntelliJ IDEA 2023.3.6\lib\idea_rt.jar=64305:C:\Program Files\JetBrains\IntelliJ IDEA 2023.3.6\bin
07-Sep-2025 15:25:40.389 INFO [main] org.apache.catalina.startup.VersionLoggerListener.log Command line argument: -Dfile.encoding=UTF-8
07-Sep-2025 15:25:40.389 INFO [main] org.apache.catalina.startup.VersionLoggerListener.log Command line argument: -Dsun.stdout.encoding=UTF-8
07-Sep-2025 15:25:40.389 INFO [main] org.apache.catalina.startup.VersionLoggerListener.log Command line argument: -Dsun.stderr.encoding=UTF-8
07-Sep-2025 15:25:40.402 INFO [main] org.apache.catalina.core.AprLifecycleListener.lifecycleEvent The Apache Tomcat Native library which allows using OpenSSL was not found on the java.library.path: [C:\Users\ASUS\.jdks\openjdk-20.0.2\bin;C:\WINDOWS\Sun\Java\bin;C:\WINDOWS\system32;C:\WINDOWS;C:\Program Files\Common Files\Oracle\Java\javapath;C:\WINDOWS\system32;C:\WINDOWS;C:\WINDOWS\System32\Wbem;C:\WINDOWS\System32\WindowsPowerShell\v1.0\;C:\WINDOWS\System32\OpenSSH\;C:\Program Files\Java\jdk-11.0.14\bin;C:\Program Files\php-8.1.11;C:\xampp\mysql\bin;C:\Program Files\dotnet\;C:\Program Files\Git\cmd;C:\Program Files\Git\bin;C:\Program Files\MySQL\MySQL Server 8.0\bin;C:\Program Files\nodejs\;C:\ProgramData\chocolatey\bin;C:\Users\ASUS\AppData\Local\Programs\Python\Python310\Scripts;C:\Program Files\Docker\Docker\resources\bin;c:\Users\ASUS\AppData\Local\Programs\cursor\resources\app\bin;C:\Program Files\Apache\apache-maven-3.9.9\bin;C:\Program Files\Java\jdk-17\bin;C:\Program Files\MySQL\MySQL Shell 8.0\bin\;C:\Users\ASUS\AppData\Local\Microsoft\WindowsApps;C:\Program Files\JetBrains\IntelliJ IDEA Community Edition 2023.3.2\bin;;C:\Program Files\JetBrains\PyCharm Community Edition 2022.3.1\bin;;C:\Program Files (x86)\Nmap;C:\Program Files\JetBrains\IntelliJ IDEA 2023.3.6\bin;;C:\MinGW\bin;C:\Program Files\nodejs\;C:\src\flutter_windows_3.13.0-stable\flutter\bin;C:\Users\ASUS\AppData\Local\Pub\Cache\bin;C:\src\flutter_windows_3.13.0-stable\flutter\.git;C:\Users\ASUS\AppData\Roaming\npm;C:\Users\ASUS\AppData\Local\Programs\Microsoft VS Code\bin;C:\Users\ASUS\.bun\bin;C:\Users\ASUS\AppData\Local\Programs\cursor\resources\app\bin;.]
07-Sep-2025 15:25:40.811 INFO [main] org.apache.coyote.AbstractProtocol.init Initializing ProtocolHandler ["http-nio-8080"]
07-Sep-2025 15:25:40.835 INFO [main] org.apache.catalina.startup.Catalina.load Server initialization in [779] milliseconds
07-Sep-2025 15:25:40.909 INFO [main] org.apache.catalina.core.StandardService.startInternal Starting service [Catalina]
07-Sep-2025 15:25:40.909 INFO [main] org.apache.catalina.core.StandardEngine.startInternal Starting Servlet engine: [Apache Tomcat/9.0.105]
07-Sep-2025 15:25:40.925 INFO [main] org.apache.catalina.startup.HostConfig.deployDescriptor Deploying deployment descriptor [D:\Web\globalbooks-solution\services\catalog-soap\src\main\webapp\conf\Catalina\localhost\catalog-soap.xml]
07-Sep-2025 15:25:41.826 INFO [main] org.apache.jasper.servlet.TldScanner.scanJars At least one JAR was scanned for TLDs yet contained no TLDs. Enable debug logging for this logger for a complete list of JARs that were scanned but no TLDs were found in them. Skipping unneeded JARs during scanning can improve startup time and JSP compilation time.
07-Sep-2025 15:25:44.270 INFO [main] com.sun.xml.ws.server.MonitorBase.createRoot Metro monitoring rootname successfully set to: com.sun.metro:pp=/,type=WSEndpoint,name=/catalog-soap-CatalogService-CatalogServicePort
07-Sep-2025 15:25:44.471 INFO [main] com.sun.xml.ws.transport.http.servlet.WSServletDelegate.<init> WSSERVLET14: JAX-WS servlet initializing
07-Sep-2025 15:25:44.474 INFO [main] com.sun.xml.ws.transport.http.servlet.WSServletContextListener.contextInitialized WSSERVLET12: JAX-WS context listener initializing
07-Sep-2025 15:25:44.475 INFO [main] com.sun.xml.ws.transport.http.servlet.WSServletContextListener.contextInitialized WSSERVLET12: JAX-WS context listener initializing
07-Sep-2025 15:25:44.547 INFO [main] org.apache.catalina.startup.HostConfig.deployDescriptor Deployment of deployment descriptor [D:\Web\globalbooks-solution\services\catalog-soap\src\main\webapp\conf\Catalina\localhost\catalog-soap.xml] has finished in [3,622] ms
07-Sep-2025 15:25:44.552 INFO [main] org.apache.coyote.AbstractProtocol.start Starting ProtocolHandler ["http-nio-8080"]
07-Sep-2025 15:25:44.606 INFO [main] org.apache.catalina.startup.Catalina.start Server startup in [3767] milliseconds
07-Sep-2025 15:26:15.568 INFO [Thread-1] org.apache.coyote.AbstractProtocol.pause Pausing ProtocolHandler ["http-nio-8080"]
07-Sep-2025 15:26:15.721 INFO [Thread-1] org.apache.catalina.core.StandardService.stopInternal Stopping service [Catalina]
07-Sep-2025 15:26:15.722 INFO [Thread-1] com.sun.xml.ws.transport.http.servlet.WSServletDelegate.destroy WSSERVLET15: JAX-WS servlet destroyed
07-Sep-2025 15:26:15.726 INFO [Thread-1] com.sun.xml.ws.server.WSEndpointImpl.closeManagedObjectManager Closing Metro monitoring root: com.sun.metro:pp=/,type=WSEndpoint,name=/catalog-soap-CatalogService-CatalogServicePort
07-Sep-2025 15:26:15.729 INFO [Thread-1] com.sun.xml.ws.transport.http.servlet.WSServletContextListener.contextDestroyed WSSERVLET13: JAX-WS context listener destroyed
07-Sep-2025 15:26:15.729 INFO [Thread-1] com.sun.xml.ws.transport.http.servlet.WSServletContextListener.contextDestroyed WSSERVLET13: JAX-WS context listener destroyed
07-Sep-2025 15:26:15.734 SEVERE [Thread-1] org.apache.catalina.loader.WebappClassLoaderBase.checkThreadLocalMapForLeaks The web application [catalog-soap] created a ThreadLocal with key of type [com.sun.xml.ws.api.server.ThreadLocalContainerResolver$1] (value [com.sun.xml.ws.api.server.ThreadLocalContainerResolver$1@731f234]) and a value of type [com.sun.xml.ws.api.server.Container.NoneContainer] (value [com.sun.xml.ws.api.server.Container$NoneContainer@3a1790a2]) but failed to remove it when the web application was stopped. Threads are going to be renewed over time to try and avoid a probable memory leak.
07-Sep-2025 15:26:15.738 INFO [Thread-1] org.apache.coyote.AbstractProtocol.stop Stopping ProtocolHandler ["http-nio-8080"]
07-Sep-2025 15:26:15.747 INFO [Thread-1] org.apache.coyote.AbstractProtocol.destroy Destroying ProtocolHandler ["http-nio-8080"]
