03-Sep-2025 09:46:28.162 INFO [main] org.apache.catalina.startup.VersionLoggerListener.log Server version name:   Apache Tomcat/9.0.105
03-Sep-2025 09:46:28.166 INFO [main] org.apache.catalina.startup.VersionLoggerListener.log Server built:          May 7 2025 18:36:02 UTC
03-Sep-2025 09:46:28.166 INFO [main] org.apache.catalina.startup.VersionLoggerListener.log Server version number: 9.0.105.0
03-Sep-2025 09:46:28.166 INFO [main] org.apache.catalina.startup.VersionLoggerListener.log OS Name:               Windows 11
03-Sep-2025 09:46:28.166 INFO [main] org.apache.catalina.startup.VersionLoggerListener.log OS Version:            10.0
03-Sep-2025 09:46:28.166 INFO [main] org.apache.catalina.startup.VersionLoggerListener.log Architecture:          amd64
03-Sep-2025 09:46:28.166 INFO [main] org.apache.catalina.startup.VersionLoggerListener.log Java Home:             C:\Users\ASUS\.jdks\openjdk-20.0.2
03-Sep-2025 09:46:28.166 INFO [main] org.apache.catalina.startup.VersionLoggerListener.log JVM Version:           20.0.2+9-78
03-Sep-2025 09:46:28.168 INFO [main] org.apache.catalina.startup.VersionLoggerListener.log JVM Vendor:            Oracle Corporation
03-Sep-2025 09:46:28.168 INFO [main] org.apache.catalina.startup.VersionLoggerListener.log CATALINA_BASE:         D:\Web\globalbooks-solution\services\catalog-soap\src\main\webapp\WEB-INF
03-Sep-2025 09:46:28.168 INFO [main] org.apache.catalina.startup.VersionLoggerListener.log CATALINA_HOME:         C:\Program Files\Apache Software Foundation\Tomcat 9.0
03-Sep-2025 09:46:28.179 INFO [main] org.apache.catalina.startup.VersionLoggerListener.log Command line argument: --add-opens=java.base/java.lang=ALL-UNNAMED
03-Sep-2025 09:46:28.179 INFO [main] org.apache.catalina.startup.VersionLoggerListener.log Command line argument: --add-opens=java.base/java.io=ALL-UNNAMED
03-Sep-2025 09:46:28.179 INFO [main] org.apache.catalina.startup.VersionLoggerListener.log Command line argument: --add-opens=java.base/java.util=ALL-UNNAMED
03-Sep-2025 09:46:28.179 INFO [main] org.apache.catalina.startup.VersionLoggerListener.log Command line argument: --add-opens=java.base/java.util.concurrent=ALL-UNNAMED
03-Sep-2025 09:46:28.179 INFO [main] org.apache.catalina.startup.VersionLoggerListener.log Command line argument: --add-opens=java.rmi/sun.rmi.transport=ALL-UNNAMED
03-Sep-2025 09:46:28.179 INFO [main] org.apache.catalina.startup.VersionLoggerListener.log Command line argument: -Dcatalina.home=C:\Program Files\Apache Software Foundation\Tomcat 9.0
03-Sep-2025 09:46:28.179 INFO [main] org.apache.catalina.startup.VersionLoggerListener.log Command line argument: -Dcatalina.base=D:\Web\globalbooks-solution\services\catalog-soap\src\main\webapp\WEB-INF
03-Sep-2025 09:46:28.179 INFO [main] org.apache.catalina.startup.VersionLoggerListener.log Command line argument: -Djava.io.tmpdir=D:\Web\globalbooks-solution\services\catalog-soap\src\main\webapp\WEB-INF\temp
03-Sep-2025 09:46:28.179 INFO [main] org.apache.catalina.startup.VersionLoggerListener.log Command line argument: -Djava.util.logging.config.file=D:\Web\globalbooks-solution\services\catalog-soap\src\main\webapp\WEB-INF\conf\logging.properties
03-Sep-2025 09:46:28.179 INFO [main] org.apache.catalina.startup.VersionLoggerListener.log Command line argument: -Djava.util.logging.manager=org.apache.juli.ClassLoaderLogManager
03-Sep-2025 09:46:28.179 INFO [main] org.apache.catalina.startup.VersionLoggerListener.log Command line argument: -javaagent:C:\Program Files\JetBrains\IntelliJ IDEA 2023.3.6\lib\idea_rt.jar=7296:C:\Program Files\JetBrains\IntelliJ IDEA 2023.3.6\bin
03-Sep-2025 09:46:28.179 INFO [main] org.apache.catalina.startup.VersionLoggerListener.log Command line argument: -Dfile.encoding=UTF-8
03-Sep-2025 09:46:28.179 INFO [main] org.apache.catalina.startup.VersionLoggerListener.log Command line argument: -Dsun.stdout.encoding=UTF-8
03-Sep-2025 09:46:28.179 INFO [main] org.apache.catalina.startup.VersionLoggerListener.log Command line argument: -Dsun.stderr.encoding=UTF-8
03-Sep-2025 09:46:28.190 INFO [main] org.apache.catalina.core.AprLifecycleListener.lifecycleEvent The Apache Tomcat Native library which allows using OpenSSL was not found on the java.library.path: [C:\Users\ASUS\.jdks\openjdk-20.0.2\bin;C:\WINDOWS\Sun\Java\bin;C:\WINDOWS\system32;C:\WINDOWS;C:\Program Files\Common Files\Oracle\Java\javapath;C:\WINDOWS\system32;C:\WINDOWS;C:\WINDOWS\System32\Wbem;C:\WINDOWS\System32\WindowsPowerShell\v1.0\;C:\WINDOWS\System32\OpenSSH\;C:\Program Files\Java\jdk-11.0.14\bin;C:\Program Files\php-8.1.11;C:\xampp\mysql\bin;C:\Program Files\dotnet\;C:\Program Files\Git\cmd;C:\Program Files\Git\bin;C:\Program Files\MySQL\MySQL Server 8.0\bin;C:\Program Files\nodejs\;C:\ProgramData\chocolatey\bin;C:\Users\ASUS\AppData\Local\Programs\Python\Python310\Scripts;C:\Program Files\Docker\Docker\resources\bin;c:\Users\ASUS\AppData\Local\Programs\cursor\resources\app\bin;C:\Program Files\Apache\apache-maven-3.9.9\bin;C:\Program Files\Java\jdk-17\bin;C:\Program Files\MySQL\MySQL Shell 8.0\bin\;C:\Users\ASUS\AppData\Local\Microsoft\WindowsApps;C:\Program Files\JetBrains\IntelliJ IDEA Community Edition 2023.3.2\bin;;C:\Program Files\JetBrains\PyCharm Community Edition 2022.3.1\bin;;C:\Program Files (x86)\Nmap;C:\Program Files\JetBrains\IntelliJ IDEA 2023.3.6\bin;;C:\MinGW\bin;C:\Program Files\nodejs\;C:\src\flutter_windows_3.13.0-stable\flutter\bin;C:\Users\ASUS\AppData\Local\Pub\Cache\bin;C:\src\flutter_windows_3.13.0-stable\flutter\.git;C:\Users\ASUS\AppData\Roaming\npm;C:\Users\ASUS\AppData\Local\Programs\Microsoft VS Code\bin;C:\Users\ASUS\.bun\bin;C:\Users\ASUS\AppData\Local\Programs\cursor\resources\app\bin;.]
03-Sep-2025 09:46:28.554 INFO [main] org.apache.coyote.AbstractProtocol.init Initializing ProtocolHandler ["http-nio-8080"]
03-Sep-2025 09:46:28.564 SEVERE [main] org.apache.catalina.util.LifecycleBase.handleSubClassException Failed to initialize component [Connector["http-nio-8080"]]
	org.apache.catalina.LifecycleException: Protocol handler initialization failed
		at org.apache.catalina.connector.Connector.initInternal(Connector.java:1048)
		at org.apache.catalina.util.LifecycleBase.init(LifecycleBase.java:122)
		at org.apache.catalina.core.StandardService.initInternal(StandardService.java:522)
		at org.apache.catalina.util.LifecycleBase.init(LifecycleBase.java:122)
		at org.apache.catalina.core.StandardServer.initInternal(StandardServer.java:986)
		at org.apache.catalina.util.LifecycleBase.init(LifecycleBase.java:122)
		at org.apache.catalina.startup.Catalina.load(Catalina.java:690)
		at org.apache.catalina.startup.Catalina.load(Catalina.java:713)
		at java.base/jdk.internal.reflect.DirectMethodHandleAccessor.invoke(DirectMethodHandleAccessor.java:104)
		at java.base/java.lang.reflect.Method.invoke(Method.java:578)
		at org.apache.catalina.startup.Bootstrap.load(Bootstrap.java:302)
		at org.apache.catalina.startup.Bootstrap.main(Bootstrap.java:475)
	Caused by: java.net.BindException: Address already in use: bind
		at java.base/sun.nio.ch.Net.bind0(Native Method)
		at java.base/sun.nio.ch.Net.bind(Net.java:556)
		at java.base/sun.nio.ch.ServerSocketChannelImpl.netBind(ServerSocketChannelImpl.java:344)
		at java.base/sun.nio.ch.ServerSocketChannelImpl.bind(ServerSocketChannelImpl.java:301)
		at org.apache.tomcat.util.net.NioEndpoint.initServerSocket(NioEndpoint.java:268)
		at org.apache.tomcat.util.net.NioEndpoint.bind(NioEndpoint.java:223)
		at org.apache.tomcat.util.net.AbstractEndpoint.bindWithCleanup(AbstractEndpoint.java:1373)
		at org.apache.tomcat.util.net.AbstractEndpoint.init(AbstractEndpoint.java:1386)
		at org.apache.coyote.AbstractProtocol.init(AbstractProtocol.java:663)
		at org.apache.coyote.http11.AbstractHttp11Protocol.init(AbstractHttp11Protocol.java:80)
		at org.apache.catalina.connector.Connector.initInternal(Connector.java:1046)
		... 11 more
03-Sep-2025 09:46:28.565 INFO [main] org.apache.catalina.startup.Catalina.load Server initialization in [691] milliseconds
03-Sep-2025 09:46:28.624 INFO [main] org.apache.catalina.core.StandardService.startInternal Starting service [Catalina]
03-Sep-2025 09:46:28.624 INFO [main] org.apache.catalina.core.StandardEngine.startInternal Starting Servlet engine: [Apache Tomcat/9.0.105]
03-Sep-2025 09:46:28.635 INFO [main] org.apache.catalina.startup.HostConfig.deployDescriptor Deploying deployment descriptor [D:\Web\globalbooks-solution\services\catalog-soap\src\main\webapp\WEB-INF\conf\Catalina\localhost\catalog-soap.xml]
03-Sep-2025 09:46:29.679 INFO [main] org.apache.jasper.servlet.TldScanner.scanJars At least one JAR was scanned for TLDs yet contained no TLDs. Enable debug logging for this logger for a complete list of JARs that were scanned but no TLDs were found in them. Skipping unneeded JARs during scanning can improve startup time and JSP compilation time.
03-Sep-2025 09:46:32.623 INFO [main] com.sun.xml.ws.server.MonitorBase.createRoot Metro monitoring rootname successfully set to: com.sun.metro:pp=/,type=WSEndpoint,name=/catalog-soap-CatalogService-CatalogServicePort
03-Sep-2025 09:46:32.823 INFO [main] com.sun.xml.ws.transport.http.servlet.WSServletDelegate.<init> WSSERVLET14: JAX-WS servlet initializing
03-Sep-2025 09:46:32.825 INFO [main] com.sun.xml.ws.transport.http.servlet.WSServletContextListener.contextInitialized WSSERVLET12: JAX-WS context listener initializing
03-Sep-2025 09:46:32.825 INFO [main] com.sun.xml.ws.transport.http.servlet.WSServletContextListener.contextInitialized WSSERVLET12: JAX-WS context listener initializing
03-Sep-2025 09:46:32.909 INFO [main] org.apache.catalina.startup.HostConfig.deployDescriptor Deployment of deployment descriptor [D:\Web\globalbooks-solution\services\catalog-soap\src\main\webapp\WEB-INF\conf\Catalina\localhost\catalog-soap.xml] has finished in [4,272] ms
03-Sep-2025 09:46:32.914 INFO [main] org.apache.catalina.startup.Catalina.start Server startup in [4348] milliseconds
03-Sep-2025 09:47:02.443 INFO [Thread-1] org.apache.coyote.AbstractProtocol.pause Pausing ProtocolHandler ["http-nio-8080"]
03-Sep-2025 09:47:02.444 INFO [Thread-1] org.apache.catalina.core.StandardService.stopInternal Stopping service [Catalina]
03-Sep-2025 09:47:02.446 INFO [Thread-1] com.sun.xml.ws.transport.http.servlet.WSServletDelegate.destroy WSSERVLET15: JAX-WS servlet destroyed
03-Sep-2025 09:47:02.450 INFO [Thread-1] com.sun.xml.ws.server.WSEndpointImpl.closeManagedObjectManager Closing Metro monitoring root: com.sun.metro:pp=/,type=WSEndpoint,name=/catalog-soap-CatalogService-CatalogServicePort
03-Sep-2025 09:47:02.453 INFO [Thread-1] com.sun.xml.ws.transport.http.servlet.WSServletContextListener.contextDestroyed WSSERVLET13: JAX-WS context listener destroyed
03-Sep-2025 09:47:02.454 INFO [Thread-1] com.sun.xml.ws.transport.http.servlet.WSServletContextListener.contextDestroyed WSSERVLET13: JAX-WS context listener destroyed
03-Sep-2025 09:47:02.459 SEVERE [Thread-1] org.apache.catalina.loader.WebappClassLoaderBase.checkThreadLocalMapForLeaks The web application [catalog-soap] created a ThreadLocal with key of type [com.sun.xml.ws.api.server.ThreadLocalContainerResolver$1] (value [com.sun.xml.ws.api.server.ThreadLocalContainerResolver$1@105158af]) and a value of type [com.sun.xml.ws.api.server.Container.NoneContainer] (value [com.sun.xml.ws.api.server.Container$NoneContainer@7e96e38f]) but failed to remove it when the web application was stopped. Threads are going to be renewed over time to try and avoid a probable memory leak.
03-Sep-2025 09:47:02.464 INFO [Thread-1] org.apache.coyote.AbstractProtocol.stop Stopping ProtocolHandler ["http-nio-8080"]
03-Sep-2025 09:47:02.466 INFO [Thread-1] org.apache.coyote.AbstractProtocol.destroy Destroying ProtocolHandler ["http-nio-8080"]
